# JRE version: Java(TM) SE Runtime Environment (8.0_144-b01) (build 1.8.0_144-b01)
# Java VM: Java HotSpot(TM) 64-Bit Server VM (25.144-b01 mixed mode windows-amd64 compressed oops)
Heap:
 PSYoungGen      total 76288K, used 57398K [0x000000076af80000, 0x0000000770480000, 0x00000007c0000000)
  eden space 65536K, 81% used [0x000000076af80000,0x000000076e37f140,0x000000076ef80000)
  from space 10752K, 38% used [0x000000076fa00000,0x000000076fe0e828,0x0000000770480000)
  to   space 10752K, 0% used [0x000000076ef80000,0x000000076ef80000,0x000000076fa00000)
 ParOldGen       total 175104K, used 8601K [0x00000006c0e00000, 0x00000006cb900000, 0x000000076af80000)
  object space 175104K, 4% used [0x00000006c0e00000,0x00000006c1666698,0x00000006cb900000)
 Metaspace       used 16538K, capacity 16834K, committed 17152K, reserved 1064960K
  class space    used 2152K, capacity 2247K, committed 2304K, reserved 1048576K
GC Heap History (8 events):
Event: 1.372 GC heap before
{Heap before GC invocations=1 (full 0):
 PSYoungGen      total 76288K, used 62675K [0x000000076af80000, 0x0000000770480000, 0x00000007c0000000)
  eden space 65536K, 95% used [0x000000076af80000,0x000000076ecb4d08,0x000000076ef80000)
  from space 10752K, 0% used [0x000000076fa00000,0x000000076fa00000,0x0000000770480000)
  to   space 10752K, 0% used [0x000000076ef80000,0x000000076ef80000,0x000000076fa00000)
 ParOldGen       total 175104K, used 0K [0x00000006c0e00000, 0x00000006cb900000, 0x000000076af80000)
  object space 175104K, 0% used [0x00000006c0e00000,0x00000006c0e00000,0x00000006cb900000)
 Metaspace       used 15377K, capacity 15640K, committed 16000K, reserved 1062912K
  class space    used 2042K, capacity 2150K, committed 2176K, reserved 1048576K
Event: 1.376 GC heap after
Heap after GC invocations=1 (full 0):
 PSYoungGen      total 76288K, used 10722K [0x000000076af80000, 0x0000000770480000, 0x00000007c0000000)
  eden space 65536K, 0% used [0x000000076af80000,0x000000076af80000,0x000000076ef80000)
  from space 10752K, 99% used [0x000000076ef80000,0x000000076f9f88d8,0x000000076fa00000)
  to   space 10752K, 0% used [0x000000076fa00000,0x000000076fa00000,0x0000000770480000)
 ParOldGen       total 175104K, used 199K [0x00000006c0e00000, 0x00000006cb900000, 0x000000076af80000)
  object space 175104K, 0% used [0x00000006c0e00000,0x00000006c0e31f28,0x00000006cb900000)
 Metaspace       used 15377K, capacity 15640K, committed 16000K, reserved 1062912K
  class space    used 2042K, capacity 2150K, committed 2176K, reserved 1048576K
}
Event: 1.606 GC heap before
{Heap before GC invocations=2 (full 0):
 PSYoungGen      total 76288K, used 76247K [0x000000076af80000, 0x0000000770480000, 0x00000007c0000000)
  eden space 65536K, 99% used [0x000000076af80000,0x000000076ef7d410,0x000000076ef80000)
  from space 10752K, 99% used [0x000000076ef80000,0x000000076f9f88d8,0x000000076fa00000)
  to   space 10752K, 0% used [0x000000076fa00000,0x000000076fa00000,0x0000000770480000)
 ParOldGen       total 175104K, used 199K [0x00000006c0e00000, 0x00000006cb900000, 0x000000076af80000)
  object space 175104K, 0% used [0x00000006c0e00000,0x00000006c0e31f28,0x00000006cb900000)
 Metaspace       used 15424K, capacity 15644K, committed 16000K, reserved 1062912K
  class space    used 2043K, capacity 2150K, committed 2176K, reserved 1048576K
Event: 1.611 GC heap after
Heap after GC invocations=2 (full 0):
 PSYoungGen      total 76288K, used 10740K [0x000000076af80000, 0x0000000774480000, 0x00000007c0000000)
  eden space 65536K, 0% used [0x000000076af80000,0x000000076af80000,0x000000076ef80000)
  from space 10752K, 99% used [0x000000076fa00000,0x000000077047d1e8,0x0000000770480000)
  to   space 10752K, 0% used [0x000000076ef80000,0x000000076ef80000,0x000000076fa00000)
 ParOldGen       total 175104K, used 8585K [0x00000006c0e00000, 0x00000006cb900000, 0x000000076af80000)
  object space 175104K, 4% used [0x00000006c0e00000,0x00000006c1662698,0x00000006cb900000)
 Metaspace       used 15424K, capacity 15644K, committed 16000K, reserved 1062912K
  class space    used 2043K, capacity 2150K, committed 2176K, reserved 1048576K
}
Event: 2.293 GC heap before
{Heap before GC invocations=3 (full 0):
 PSYoungGen      total 76288K, used 76276K [0x000000076af80000, 0x0000000774480000, 0x00000007c0000000)
  eden space 65536K, 100% used [0x000000076af80000,0x000000076ef80000,0x000000076ef80000)
  from space 10752K, 99% used [0x000000076fa00000,0x000000077047d1e8,0x0000000770480000)
  to   space 10752K, 0% used [0x000000076ef80000,0x000000076ef80000,0x000000076fa00000)
 ParOldGen       total 175104K, used 8585K [0x00000006c0e00000, 0x00000006cb900000, 0x000000076af80000)
  object space 175104K, 4% used [0x00000006c0e00000,0x00000006c1662698,0x00000006cb900000)
 Metaspace       used 16128K, capacity 16386K, committed 16640K, reserved 1062912K
  class space    used 2136K, capacity 2247K, committed 2304K, reserved 1048576K
Event: 2.295 GC heap after
Heap after GC invocations=3 (full 0):
 PSYoungGen      total 76288K, used 5184K [0x000000076af80000, 0x0000000770480000, 0x00000007c0000000)
  eden space 65536K, 0% used [0x000000076af80000,0x000000076af80000,0x000000076ef80000)
  from space 10752K, 48% used [0x000000076ef80000,0x000000076f4902c8,0x000000076fa00000)
  to   space 10752K, 0% used [0x000000076fa00000,0x000000076fa00000,0x0000000770480000)
 ParOldGen       total 175104K, used 8593K [0x00000006c0e00000, 0x00000006cb900000, 0x000000076af80000)
  object space 175104K, 4% used [0x00000006c0e00000,0x00000006c1664698,0x00000006cb900000)
 Metaspace       used 16128K, capacity 16386K, committed 16640K, reserved 1062912K
  class space    used 2136K, capacity 2247K, committed 2304K, reserved 1048576K
}
Event: 2.757 GC heap before
{Heap before GC invocations=4 (full 0):
 PSYoungGen      total 76288K, used 70720K [0x000000076af80000, 0x0000000770480000, 0x00000007c0000000)
  eden space 65536K, 100% used [0x000000076af80000,0x000000076ef80000,0x000000076ef80000)
  from space 10752K, 48% used [0x000000076ef80000,0x000000076f4902c8,0x000000076fa00000)
  to   space 10752K, 0% used [0x000000076fa00000,0x000000076fa00000,0x0000000770480000)
 ParOldGen       total 175104K, used 8593K [0x00000006c0e00000, 0x00000006cb900000, 0x000000076af80000)
  object space 175104K, 4% used [0x00000006c0e00000,0x00000006c1664698,0x00000006cb900000)
 Metaspace       used 16373K, capacity 16642K, committed 16896K, reserved 1064960K
  class space    used 2148K, capacity 2247K, committed 2304K, reserved 1048576K
Event: 2.758 GC heap after
Heap after GC invocations=4 (full 0):
 PSYoungGen      total 76288K, used 4154K [0x000000076af80000, 0x0000000770480000, 0x00000007c0000000)
  eden space 65536K, 0% used [0x000000076af80000,0x000000076af80000,0x000000076ef80000)
  from space 10752K, 38% used [0x000000076fa00000,0x000000076fe0e828,0x0000000770480000)
  to   space 10752K, 0% used [0x000000076ef80000,0x000000076ef80000,0x000000076fa00000)
 ParOldGen       total 175104K, used 8601K [0x00000006c0e00000, 0x00000006cb900000, 0x000000076af80000)
  object space 175104K, 4% used [0x00000006c0e00000,0x00000006c1666698,0x00000006cb900000)
 Metaspace       used 16373K, capacity 16642K, committed 16896K, reserved 1064960K
  class space    used 2148K, capacity 2247K, committed 2304K, reserved 1048576K
}

